/tmp/ccE0DaIu.o: In function `main':
Engine1.cpp:(.text+0xa8): undefined reference to `OptionEngine::PriceOptions(double)'
collect2: ld returned 1 exit status
./testall: line 23: ./tempexe: No such file or directory
GridPoint1.cpp:1:29: fatal error: ../inc/GridPoint.h: No such file or directory
compilation terminated.
./testall: line 23: ./tempexe: No such file or directory
OptionGrid2.cpp: In function ‘int main()’:
OptionGrid2.cpp:6:8: error: missing template arguments before ‘grid’
OptionGrid2.cpp:6:8: error: expected ‘;’ before ‘grid’
OptionGrid2.cpp:7:9: error: ‘grid’ was not declared in this scope
OptionGrid3.cpp: In function ‘int main()’:
OptionGrid3.cpp:6:8: error: missing template arguments before ‘grid’
OptionGrid3.cpp:6:8: error: expected ‘;’ before ‘grid’
OptionGrid3.cpp:7:22: error: ‘grid’ was not declared in this scope
OptionGrid3.cpp:12:9: error: ‘grid’ was not declared in this scope
Strategy2.cpp: In function ‘int main()’:
Strategy2.cpp:7:59: error: no matching function for call to ‘NumericStrategy::NumericStrategy(double, double, double, double, double, double, int)’
Strategy2.cpp:7:59: note: candidates are:
../inc/NumericStrategy.h:11:5: note: NumericStrategy::NumericStrategy()
../inc/NumericStrategy.h:11:5: note:   candidate expects 0 arguments, 7 provided
../inc/NumericStrategy.h:9:7: note: NumericStrategy::NumericStrategy(const NumericStrategy&)
../inc/NumericStrategy.h:9:7: note:   candidate expects 1 argument, 7 provided
Strategy2.cpp:9:15: error: ‘class NumericStrategy’ has no member named ‘SetStrikeInterval’
